2017-09-29 14:22:06 - MOD: Modification Default

FILE: system/engine/action.php
REGEX: ~(require|include)(_once)?\(([^)]+)~
LINE: 41

FILE: system/engine/loader.php
REGEX: ~(require|include)(_once)?\(([^)]+)~
LINE: 49
LINE: 108
LINE: 120
LINE: 165

FILE: system/library/config.php
REGEX: ~(require|include)(_once)?\(([^)]+)~
LINE: 23

FILE: system/library/language.php
REGEX: ~(require|include)(_once)?\(([^)]+)~
LINE: 38
LINE: 40
LINE: 49
LINE: 51
LINE: 60
LINE: 62

FILE: system/library/template/php.php
REGEX: ~(require|include)(_once)?\(([^)]+)~
LINE: 18

FILE: system/library/template/tiwg.php
REGEX: ~(require|include)(_once)?\(([^)]+)~
LINE: 24
----------------------------------------------------------------
MOD: fondy_payment

FILE: catalog/controller/checkout/checkout.php
CODE: public function index() {
LINE: 11

FILE: catalog/view/theme/default/template/checkout/checkout.tpl
CODE: <h1><?php echo $heading_title; ?></h1>
LINE: 26

FILE: catalog/view/theme/tt_oregon1/template/checkout/checkout.tpl
CODE: <h1><?php echo $heading_title; ?></h1>
NOT FOUND - OPERATIONS ABORTED!

FILE: catalog/view/theme/tt_oregon2/template/checkout/checkout.tpl
CODE: <h1><?php echo $heading_title; ?></h1>
NOT FOUND - OPERATIONS ABORTED!

FILE: catalog/view/theme/tt_oregon3/template/checkout/checkout.tpl
CODE: <h1><?php echo $heading_title; ?></h1>
NOT FOUND - OPERATIONS ABORTED!

FILE: catalog/view/theme/tt_oregon4/template/checkout/checkout.tpl
CODE: <h1><?php echo $heading_title; ?></h1>
NOT FOUND - OPERATIONS ABORTED!
----------------------------------------------------------------
MOD: OcStore 2.3.x track number

FILE: admin/controller/sale/order.php
CODE: $data['shipping_method'] = $order_info['shipping_method'];
LINE: 567
LINE: 942
CODE: public function history() {
LINE: 1545

FILE: admin/model/sale/order.php
CODE: $order_query->row['order_id'],
LINE: 96

FILE: catalog/model/checkout/order.php
CODE: $order_query->row['order_id'],
LINE: 170

FILE: admin/view/template/sale/order_info.tpl
CODE: <td><?php echo $text_reward; ?></td>
LINE: 100
CODE: <?php echo $footer; ?>
LINE: 700

FILE: catalog/model/account/order.php
CODE: $order_query->row['order_id'],
LINE: 46

FILE: catalog/controller/account/order.php
CODE: if ($order_info['invoice_no']) {
LINE: 210

FILE: catalog/view/theme/default/template/account/order_info.tpl
CODE: <b><?php echo $text_shipping_method; ?></b> <?php echo $shipping_method; ?>
LINE: 49

FILE: catalog/view/theme/tt_oregon1/template/account/order_info.tpl
CODE: <b><?php echo $text_shipping_method; ?></b> <?php echo $shipping_method; ?>
LINE: 49

FILE: catalog/view/theme/tt_oregon2/template/account/order_info.tpl
CODE: <b><?php echo $text_shipping_method; ?></b> <?php echo $shipping_method; ?>
LINE: 49

FILE: catalog/view/theme/tt_oregon3/template/account/order_info.tpl
CODE: <b><?php echo $text_shipping_method; ?></b> <?php echo $shipping_method; ?>
LINE: 49

FILE: catalog/view/theme/tt_oregon4/template/account/order_info.tpl
CODE: <b><?php echo $text_shipping_method; ?></b> <?php echo $shipping_method; ?>
LINE: 49
----------------------------------------------------------------
MOD: Blog For Opencart 2.3.x

FILE: admin/controller/common/column_left.php
CODE: if ($this->user->hasPermission('access', 'marketing/marketing')) {
LINE: 398

FILE: admin/controller/extension/theme/theme_default.php
CODE: $this->load->language('extension/theme/theme_default');
LINE: 10
CODE: $data['entry_image_related'] = $this->language->get('entry_image_related');
LINE: 48
CODE: if (isset($this->error['image_related'])) {
LINE: 126
CODE: if (isset($this->request->post['theme_default_image_related_width'])) {
LINE: 336
CODE: if (!$this->request->post['theme_default_image_related_width'] || !$this->request->post['theme_default_image_related_height']) {
LINE: 468

FILE: admin/view/template/extension/theme/theme_default.tpl
CODE: <label class="col-sm-2 control-label" for="input-image-related"><?php echo $entry_image_related; ?></label>
LINE: 196
----------------------------------------------------------------
MOD: Layered Navigation Ajax by Plaza Themes

FILE: catalog/controller/product/category.php
CODE: $this->response->setOutput($this->load->view('product/category', $data));
LINE: 376
CODE: 'href' => $this->url->link('product/category', 'path=' . $this->request->get['path'] . '_' . $result['category_id'] . $url)
LINE: 162
CODE: $this->url->link('product/category', 'path=' . $this->request->get['path'] . '&sort=p.sort_order&order=ASC' . $url)
LINE: 241
CODE: $this->url->link('product/category', 'path=' . $this->request->get['path'] . '&sort=pd.name&order=ASC' . $url)
LINE: 247
CODE: $this->url->link('product/category', 'path=' . $this->request->get['path'] . '&sort=pd.name&order=DESC' . $url)
LINE: 253
CODE: $this->url->link('product/category', 'path=' . $this->request->get['path'] . '&sort=p.price&order=ASC' . $url)
LINE: 259
CODE: $this->url->link('product/category', 'path=' . $this->request->get['path'] . '&sort=p.price&order=DESC' . $url)
LINE: 265
CODE: $this->url->link('product/category', 'path=' . $this->request->get['path'] . '&sort=rating&order=DESC' . $url)
LINE: 272
CODE: $this->url->link('product/category', 'path=' . $this->request->get['path'] . '&sort=rating&order=ASC' . $url)
LINE: 278
CODE: $this->url->link('product/category', 'path=' . $this->request->get['path'] . '&sort=p.model&order=ASC' . $url)
LINE: 285
CODE: $this->url->link('product/category', 'path=' . $this->request->get['path'] . '&sort=p.model&order=DESC' . $url)
LINE: 291
CODE: $this->url->link('product/category', 'path=' . $this->request->get['path'] . $url . '&limit=' . $value)
LINE: 318
CODE: $pagination->url = $this->url->link('product/category', 'path=' . $this->request->get['path'] . $url . '&page={page}');
LINE: 344

FILE: catalog/model/catalog/product.php
CODE: if (!empty($data['filter_manufacturer_id'])) {
LINE: 162
LINE: 529
----------------------------------------------------------------
MOD: Product Rotator Image by Plaza Themes

FILE: admin/controller/catalog/product.php
CODE: public function index() {
LINE: 10
CODE: $this->load->language('catalog/product');
LINE: 15
LINE: 29
LINE: 89
LINE: 149
LINE: 211
CODE: $data['entry_image'] = $this->language->get('entry_image');
LINE: 480
LINE: 690
CODE: 'sort_order' => $product_image['sort_order']
LINE: 1381

FILE: admin/model/catalog/product.php
CODE: $this->db->query("INSERT INTO " . DB_PREFIX . "product_image SET product_id = '" . (int)$product_id . "', image = '" . $this->db->escape($product_image['image']) . "', sort_order = '" . (int)$product_image['sort_order'] . "'");
LINE: 68
LINE: 212

FILE: admin/view/template/catalog/product_form.tpl
CODE: <td class="text-right"><?php echo $entry_sort_order; ?></td>
LINE: 872
CODE: <td class="text-left"><button type="button" onclick="$('#image-row<?php echo $image_row; ?>').remove();" data-toggle="tooltip" title="<?php echo $button_remove; ?>" class="btn btn-danger"><i class="fa fa-minus-circle"></i></button></td>
LINE: 897
CODE: function addImage() {
LINE: 1431
CODE: $('#images tbody').append(html);
LINE: 1449
CODE: html += '  <td class="text-left"><button type="button" onclick="$(\'#image-row' + image_row  + '\').remove();" data-toggle="tooltip" title="<?php echo $button_remove; ?>" class="btn btn-danger"><i class="fa fa-minus-circle"></i></button></td>';
LINE: 1445
----------------------------------------------------------------
MOD: Category Thumbnail for v2.3.x by Plaza Themes
CODE: if ($this->user->hasPermission('access', 'catalog/category')) {
LINE: 51
CODE: if ($this->user->hasPermission('access', 'catalog/category')) {
LINE: 72
CODE: if ($this->user->hasPermission('access', 'catalog/product')) {
LINE: 91
----------------------------------------------------------------
MOD: Search Category by Plaza Themes

FILE: catalog/controller/common/header.php
CODE: $data['search'] = $this->load->controller('common/search');
LINE: 130
----------------------------------------------------------------
MOD: Storage Modification

FILE: catalog/controller/extension/captcha/basic_captcha.php
CODE: $data['route'] = $this->request->get['route'];
LINE: 15

FILE: catalog/controller/extension/captcha/google_captcha.php
CODE: $data['route'] = $this->request->get['route'];
LINE: 19

FILE: admin/model/localisation/language.php
CODE: return $language_id;
LINE: 221
CODE: $this->db->query("DELETE FROM " . DB_PREFIX . "option_description WHERE language_id = '" . (int)$language_id . "'");
LINE: 271

FILE: admin/controller/common/header.php
CODE: $data['title'] = $this->document->getTitle();
LINE: 3

FILE: admin/controller/design/layout.php
CODE: $data['text_column_right'] = $this->language->get('text_column_right');
LINE: 277
CODE: $this->response->setOutput($this->load->view('design/layout_form', $data));
LINE: 442

FILE: admin/language/en-gb/design/layout.php
CODE: $_['text_column_right']   = 'Column Right';
LINE: 25

FILE: catalog/controller/common/cart.php
CODE: $data['text_empty'] = $this->language->get('text_empty');
LINE: 54

FILE: catalog/controller/common/home.php
CODE: $this->response->setOutput($this->load->view('common/home', $data));
LINE: 26

FILE: catalog/controller/extension/module/category.php
CODE: if ($category['category_id'] == $data['category_id']) {
LINE: 36
CODE: $data['telephone'] = $this->config->get('config_telephone');
LINE: 103
CODE: return $this->load->view('common/header', $data);
LINE: 183

FILE: catalog/controller/common/footer.php
CODE: $data['text_newsletter'] = $this->language->get('text_newsletter');
LINE: 48
CODE: 'title' => $result['title'],
LINE: 60

FILE: catalog/controller/extension/module/carousel.php
CODE: $this->document->addStyle('catalog/view/javascript/jquery/owl-carousel/owl.carousel.css');
LINE: 8

FILE: catalog/controller/extension/module/banner.php
CODE: $data['banners'] = array();
LINE: 18
CODE: $this->document->addStyle('catalog/view/javascript/jquery/owl-carousel/owl.carousel.css');
LINE: 8
CODE: foreach ($results as $result) {
LINE: 170
LINE: 213
CODE: $data['products'][] = array(
LINE: 283
CODE: $data['header'] = $this->load->controller('common/header');
LINE: 450
LINE: 516
CODE: 'product_id'  => $result['product_id'],
LINE: 290

FILE: catalog/controller/product/product.php
CODE: $results = $this->model_catalog_product->getProductRelated($this->request->get['product_id']);
LINE: 422
CODE: $data['products'][] = array(
LINE: 494
CODE: $data['header'] = $this->load->controller('common/header');
LINE: 534
LINE: 614
CODE: 'rating'      => $rating,
LINE: 509
CODE: $data['header'] = $this->load->controller('common/header');
LINE: 545
LINE: 630
CODE: $data['description'] = html_entity_decode($product_info['description'], ENT_QUOTES, 'UTF-8');
LINE: 274

FILE: catalog/controller/product/special.php
CODE: $data['header'] = $this->load->controller('common/header');
LINE: 286
CODE: $results = $this->model_catalog_product->getProductSpecials($filter_data);
LINE: 114
CODE: $data['products'][] = array(
LINE: 186
CODE: 'rating'      => $result['rating'],
LINE: 201

FILE: catalog/controller/product/search.php
CODE: $data['header'] = $this->load->controller('common/header');
LINE: 494
CODE: $results = $this->model_catalog_product->getProducts($filter_data);
LINE: 229
CODE: $data['products'][] = array(
LINE: 301
CODE: 'rating'      => $result['rating'],
LINE: 316

FILE: catalog/controller/product/manufacturer.php
CODE: $data['header'] = $this->load->controller('common/header');
LINE: 64
LINE: 371
LINE: 420
CODE: $results = $this->model_catalog_product->getProducts($filter_data);
LINE: 198
CODE: $data['products'][] = array(
LINE: 270
CODE: 'rating'      => $result['rating'],
LINE: 285
CODE: $data['route'] = $this->request->get['route'];
LINE: 17
CODE: $data['route'] = $this->request->get['route'];
LINE: 21
----------------------------------------------------------------
